<?xml version="1.0" encoding="UTF-8"?>
<testng-results skipped="0" failed="1" ignored="5" total="6" passed="0">
  <reporter-output>
  </reporter-output>
  <suite name="AmazonProduct test Suite" duration-ms="142" started-at="2020-06-02T12:18:38Z" finished-at="2020-06-02T12:18:38Z">
    <groups>
      <group name="Regression">
        <method signature="ProducrSearchTests.multiSearchResultVerification()[pri:0, instance:com.amazon.productTests.ProducrSearchTests@23348b5d]" name="multiSearchResultVerification" class="com.amazon.productTests.ProducrSearchTests"/>
      </group> <!-- Regression -->
      <group name="Smoke">
        <method signature="ProducrSearchTests.multiSearchResultVerification()[pri:0, instance:com.amazon.productTests.ProducrSearchTests@23348b5d]" name="multiSearchResultVerification" class="com.amazon.productTests.ProducrSearchTests"/>
      </group> <!-- Smoke -->
    </groups>
    <test name="AmazonProduct" duration-ms="142" started-at="2020-06-02T12:18:38Z" finished-at="2020-06-02T12:18:38Z">
      <class name="com.amazon.productTests.ProducrSearchTests">
        <test-method status="FAIL" signature="multiSearchResultVerification()[pri:0, instance:com.amazon.productTests.ProducrSearchTests@23348b5d]" name="multiSearchResultVerification" duration-ms="17" started-at="2020-06-02T12:18:38Z" finished-at="2020-06-02T12:18:38Z">
          <exception class="java.lang.NullPointerException">
            <full-stacktrace>
              <![CDATA[java.lang.NullPointerException
at com.amazon.productTests.ProducrSearchTests.multiSearchResultVerification(ProducrSearchTests.java:40)
at sun.reflect.NativeMethodAccessorImpl.invoke0(Native Method)
at sun.reflect.NativeMethodAccessorImpl.invoke(NativeMethodAccessorImpl.java:62)
at sun.reflect.DelegatingMethodAccessorImpl.invoke(DelegatingMethodAccessorImpl.java:43)
at java.lang.reflect.Method.invoke(Method.java:498)
at org.testng.internal.MethodInvocationHelper.invokeMethod(MethodInvocationHelper.java:124)
at org.testng.internal.Invoker.invokeMethod(Invoker.java:583)
at org.testng.internal.Invoker.invokeTestMethod(Invoker.java:719)
at org.testng.internal.Invoker.invokeTestMethods(Invoker.java:989)
at org.testng.internal.TestMethodWorker.invokeTestMethods(TestMethodWorker.java:125)
at org.testng.internal.TestMethodWorker.run(TestMethodWorker.java:109)
at org.testng.TestRunner.privateRun(TestRunner.java:648)
at org.testng.TestRunner.run(TestRunner.java:505)
at org.testng.SuiteRunner.runTest(SuiteRunner.java:455)
at org.testng.SuiteRunner.runSequentially(SuiteRunner.java:450)
at org.testng.SuiteRunner.privateRun(SuiteRunner.java:415)
at org.testng.SuiteRunner.run(SuiteRunner.java:364)
at org.testng.SuiteRunnerWorker.runSuite(SuiteRunnerWorker.java:52)
at org.testng.SuiteRunnerWorker.run(SuiteRunnerWorker.java:84)
at org.testng.TestNG.runSuitesSequentially(TestNG.java:1208)
at org.testng.TestNG.runSuitesLocally(TestNG.java:1137)
at org.testng.TestNG.runSuites(TestNG.java:1049)
at org.testng.TestNG.run(TestNG.java:1017)
at org.testng.remote.AbstractRemoteTestNG.run(AbstractRemoteTestNG.java:115)
at org.testng.remote.RemoteTestNG.initAndRun(RemoteTestNG.java:251)
at org.testng.remote.RemoteTestNG.main(RemoteTestNG.java:77)
]]>
            </full-stacktrace>
          </exception> <!-- java.lang.NullPointerException -->
          <reporter-output>
          </reporter-output>
        </test-method> <!-- multiSearchResultVerification -->
      </class> <!-- com.amazon.productTests.ProducrSearchTests -->
    </test> <!-- AmazonProduct -->
  </suite> <!-- AmazonProduct test Suite -->
</testng-results>
