<?xml version="1.0" encoding="UTF-8"?>
<!-- Generated by org.testng.reporters.JUnitXMLReporter -->
<testsuite hostname="Rachna1085.local" ignored="5" name="Test" tests="1" failures="1" timestamp="02 Jun 2020 09:12:10 GMT" time="0.135" errors="0">
  <testcase name="multiSearchResultVerification" time="0.016" classname="com.amazon.productTests.ProducrSearchTests">
    <failure type="java.lang.NullPointerException">
      <![CDATA[java.lang.NullPointerException
at com.amazon.productTests.ProducrSearchTests.multiSearchResultVerification(ProducrSearchTests.java:40)
... Removed 25 stack frames]]>
    </failure>
  </testcase> <!-- multiSearchResultVerification -->
  <testcase name="noResultVerification" time="0.0" classname="com.amazon.productTests.ProducrSearchTests">
    <ignored/>
  </testcase> <!-- noResultVerification -->
  <testcase name="firstItemOfSearchResultVerification" time="0.0" classname="com.amazon.productTests.AddProductToCartTests">
    <ignored/>
  </testcase> <!-- firstItemOfSearchResultVerification -->
  <testcase name="goButtonVerificationWithEmptySearchText" time="0.0" classname="com.amazon.productTests.ProducrSearchTests">
    <ignored/>
  </testcase> <!-- goButtonVerificationWithEmptySearchText -->
  <testcase name="goButtonVerificationWithoutCategorySelection" time="0.0" classname="com.amazon.productTests.ProducrSearchTests">
    <ignored/>
  </testcase> <!-- goButtonVerificationWithoutCategorySelection -->
  <testcase name="addToCartProductVerification" time="0.0" classname="com.amazon.productTests.AddProductToCartTests">
    <ignored/>
  </testcase> <!-- addToCartProductVerification -->
</testsuite> <!-- Test -->
