<?xml version="1.0" encoding="UTF-8"?>
<!-- Generated by org.testng.reporters.JUnitXMLReporter -->
<testsuite hostname="Rachna1085.local" ignored="0" name="Default test" tests="2" failures="0" timestamp="02 Jun 2020 09:04:21 GMT" time="13.275" errors="0">
  <testcase name="firstItemOfSearchResultVerification" time="3.046" classname="com.amazon.productTests.AddProductToCartTests"/>
  <testcase name="addToCartProductVerification" time="6.225" classname="com.amazon.productTests.AddProductToCartTests"/>
</testsuite> <!-- Default test -->
